[29-07-2024 10:38:22]-[logger::test:208]:DEBUG -> дебаггер сообщает!
[29-07-2024 10:38:22]-[logger::test:209]:ERROR -> Ошибка! ошииибка!!!
[29-07-2024 10:38:22]-[logger::test:210]:INFO -> В целях информации предлагаем вам ознакомиться
[29-07-2024 10:38:22]-[logger::test:211]:WARN -> Предупреждаю в последний раз!
[40m[29-07-2024 10:39:09][0m-[logger::test:208]:DEBUG -> дебаггер сообщает!
[31;40m[29-07-2024 10:39:09][0m-[logger::test:209]:ERROR -> Ошибка! ошииибка!!!
[32;40m[29-07-2024 10:39:09][0m-[logger::test:210]:INFO -> В целях информации предлагаем вам ознакомиться
[40m[29-07-2024 10:39:09][0m-[logger::test:211]:WARN -> Предупреждаю в последний раз!
[40m[29-07-2024 10:41:14][0m-[logger::test:208]:[40mDEBUG[0m -> [40mдебаггер сообщает![0m
[31;40m[29-07-2024 10:41:14][0m-[logger::test:209]:[31;40mERROR[0m -> [31;40mОшибка! ошииибка!!![0m
[32;40m[29-07-2024 10:41:14][0m-[logger::test:210]:[32;40mINFO[0m -> [32;40mВ целях информации предлагаем вам ознакомиться[0m
[40m[29-07-2024 10:41:14][0m-[logger::test:211]:[40mWARN[0m -> [40mПредупреждаю в последний раз![0m
[40m[29-07-2024 10:41:59][0m-[logger::test:208]:[40m⚙ DEBUG[0m -> [40mдебаггер сообщает![0m
[31;40m[29-07-2024 10:41:59][0m-[logger::test:209]:[31;40m❌ Ошибка[0m -> [31;40mОшибка! ошииибка!!![0m
[32;40m[29-07-2024 10:41:59][0m-[logger::test:210]:[32;40m💬 Информация[0m -> [32;40mВ целях информации предлагаем вам ознакомиться[0m
[40m[29-07-2024 10:41:59][0m-[logger::test:211]:[40m⚠ Предупреждение[0m -> [40mПредупреждаю в последний раз![0m
[40m[29-07-2024 10:42:31][0m-[logger::test:208]:[40m⚙ DEBUG[0m -> [40mдебаггер сообщает![0m
[31m[29-07-2024 10:42:31][0m-[logger::test:209]:[31m❌ Ошибка[0m -> [31mОшибка! ошииибка!!![0m
[32;40m[29-07-2024 10:42:31][0m-[logger::test:210]:[32;40m💬 Информация[0m -> [32;40mВ целях информации предлагаем вам ознакомиться[0m
[40m[29-07-2024 10:42:31][0m-[logger::test:211]:[40m⚠ Предупреждение[0m -> [40mПредупреждаю в последний раз![0m
[38;2;255;103;51m[29-07-2024 10:44:18][0m-[logger::test:204]:[38;2;255;103;51m⚙ DEBUG[0m -> [38;2;255;103;51mдебаггер сообщает![0m
[31m[29-07-2024 10:44:18][0m-[logger::test:205]:[31m❌ Ошибка[0m -> [31mОшибка! ошииибка!!![0m
[32m[29-07-2024 10:44:18][0m-[logger::test:206]:[32m💬 Информация[0m -> [32mВ целях информации предлагаем вам ознакомиться[0m
[38;2;255;153;51m[29-07-2024 10:44:18][0m-[logger::test:207]:[38;2;255;153;51m⚠ Предупреждение[0m -> [38;2;255;153;51mПредупреждаю в последний раз![0m
[38;2;255;103;51m[29-07-2024 10:46:25][0m-[[38;2;255;153;51;40mlogger::test[0m:[38;2;255;153;51;40m208[0m]:[38;2;255;103;51m⚙ DEBUG[0m -> [38;2;255;103;51mдебаггер сообщает![0m
[31m[29-07-2024 10:46:25][0m-[[38;2;255;153;51;40mlogger::test[0m:[38;2;255;153;51;40m209[0m]:[31m❌ Ошибка[0m -> [31mОшибка! ошииибка!!![0m
[32m[29-07-2024 10:46:25][0m-[[38;2;255;153;51;40mlogger::test[0m:[38;2;255;153;51;40m210[0m]:[32m💬 Информация[0m -> [32mВ целях информации предлагаем вам ознакомиться[0m
[38;2;255;153;51m[29-07-2024 10:46:25][0m-[[38;2;255;153;51;40mlogger::test[0m:[38;2;255;153;51;40m211[0m]:[38;2;255;153;51m⚠ Предупреждение[0m -> [38;2;255;153;51mПредупреждаю в последний раз![0m
[38;2;255;103;51m[29-07-2024 10:47:26][0m-[[38;2;24;216;152;40mlogger::test[0m:[38;2;24;216;152;40m208[0m]:[38;2;255;103;51m⚙ DEBUG[0m -> [38;2;255;103;51mдебаггер сообщает![0m
[31m[29-07-2024 10:47:26][0m-[[38;2;24;216;152;40mlogger::test[0m:[38;2;24;216;152;40m209[0m]:[31m❌ Ошибка[0m -> [31mОшибка! ошииибка!!![0m
[32m[29-07-2024 10:47:26][0m-[[38;2;24;216;152;40mlogger::test[0m:[38;2;24;216;152;40m210[0m]:[32m💬 Информация[0m -> [32mВ целях информации предлагаем вам ознакомиться[0m
[38;2;255;153;51m[29-07-2024 10:47:26][0m-[[38;2;24;216;152;40mlogger::test[0m:[38;2;24;216;152;40m211[0m]:[38;2;255;153;51m⚠ Предупреждение[0m -> [38;2;255;153;51mПредупреждаю в последний раз![0m
[29-07-2024 11:18:05]-[logger::test:212]:⚙ DEBUG -> дебаггер сообщает!
[29-07-2024 11:18:05]-[logger::test:213]:❌ Ошибка -> Ошибка! ошииибка!!!
[29-07-2024 11:18:05]-[logger::test:214]:💬 Информация -> В целях информации предлагаем вам ознакомиться
[29-07-2024 11:18:05]-[logger::test:215]:⚠ Предупреждение -> Предупреждаю в последний раз!
[29-07-2024 11:18:09]-[logger::test:222]:💬 Информация -> Предупреждаю в последний раз1!
[29-07-2024 11:18:09]-[logger::test:223]:⚠ Предупреждение -> Предупреждаю в последний раз2!
[29-07-2024 11:18:09]-[logger::test:224]:❌ Ошибка -> Предупреждаю в последний раз3!
